<?xml version="1.0" encoding="UTF-8" ?>
<testsuites>
  <testsuite errors="0" failures="0" hostname="Mac.lan" id="0" name="BarricadeTest" package="" skipped="0" tests="11" time="0.055" timestamp="2025-03-28T07:39:39">
      <properties>
[...]
</properties>

      <testcase classname="BarricadeTest" name="testSafeGetReturnsValueAndNoWarning" time="0.012" />

      <testcase classname="BarricadeTest" name="testSafeGetWithWarning" time="0.001" />

      <testcase classname="BarricadeTest" name="testCorrectEntrySetWithEmptyMap" time="0.0" />

      <testcase classname="BarricadeTest" name="testCorrectSizeMatchesMapSize" time="0.001" />

      <testcase classname="BarricadeTest" name="testCorrectKeySetAndEntrySetUnmodifiable" time="0.0" />

      <testcase classname="BarricadeTest" name="testCorrectStringRepresentationMatchesToString" time="0.0" />

      <testcase classname="BarricadeTest" name="testCorrectKeySetWithEmptyMap" time="0.0" />

      <testcase classname="BarricadeTest" name="testCorrectSizeWithEmptyMap" time="0.0" />

      <testcase classname="BarricadeTest" name="testSafeGetWithNonExistentKey" time="0.001" />

      <testcase classname="BarricadeTest" name="testSafePutAddAndReplace" time="0.0" />

      <testcase classname="BarricadeTest" name="testCorrectSizeWithWarning" time="0.001" />

      <system-out><![CDATA[]]></system-out>

      <system-err><![CDATA[]]></system-err>

  </testsuite>
  <testsuite errors="0" failures="0" hostname="Mac.lan" id="1" name="MatrixMapTest" package="" skipped="0" tests="16" time="0.061" timestamp="2025-03-28T07:39:40">
      <properties>
[...]
</properties>

      <testcase classname="MatrixMapTest" name="testMatrixMapInstanceWithIndexes" time="0.017" />

      <testcase classname="MatrixMapTest" name="testIdentityMatrix" time="0.0" />

      <testcase classname="MatrixMapTest" name="testInvalidColumnLength" time="0.001" />

      <testcase classname="MatrixMapTest" name="testMatrixSizeWithNoEntries" time="0.0" />

      <testcase classname="MatrixMapTest" name="testConstantMatrix" time="0.001" />

      <testcase classname="MatrixMapTest" name="testValueWithNullIndexes" time="0.0" />

      <testcase classname="MatrixMapTest" name="testToString" time="0.001" />

      <testcase classname="MatrixMapTest" name="testInvalidRowLength" time="0.0" />

      <testcase classname="MatrixMapTest" name="testNullValueRejection" time="0.0" />

      <testcase classname="MatrixMapTest" name="testEdgeCaseMatrix" time="0.0" />

      <testcase classname="MatrixMapTest" name="testNonRectangularArraySize" time="0.001" />

      <testcase classname="MatrixMapTest" name="testValueWithIndexes" time="0.0" />

      <testcase classname="MatrixMapTest" name="testFromArray" time="0.0" />

      <testcase classname="MatrixMapTest" name="testNegativeRowsMatrix" time="0.001" />

      <testcase classname="MatrixMapTest" name="testMatrixMapInstance" time="0.0" />

      <testcase classname="MatrixMapTest" name="testNonRectangularArrayCreation" time="0.001" />

      <system-out><![CDATA[]]></system-out>

      <system-err><![CDATA[]]></system-err>

  </testsuite>
</testsuites>
